<?xml version="1.0" encoding="UTF-8"?>
<!-- Generated by org.testng.reporters.JUnitXMLReporter -->
<testsuite hostname="DESKTOP-INQUNRP" ignored="0" name="Default test" tests="6" failures="0" timestamp="23 May 2019 18:49:08 GMT" time="15.02" errors="0">
  <testcase name="firstAndLastNameTest" time="0.259" classname="registrationTest.RegistrationPageTest"/>
  <testcase name="mobileNumberTest" time="0.155" classname="registrationTest.RegistrationPageTest"/>
  <testcase name="passwordTest" time="0.115" classname="registrationTest.RegistrationPageTest"/>
  <testcase name="birthdayTest" time="0.911" classname="registrationTest.RegistrationPageTest"/>
  <testcase name="maleOrFemaleTest" time="0.175" classname="registrationTest.RegistrationPageTest"/>
  <testcase name="submitTest" time="0.111" classname="registrationTest.RegistrationPageTest"/>
</testsuite> <!-- Default test -->
