<?xml version="1.0" encoding="UTF-8"?>
<testng-results skipped="0" failed="0" ignored="0" total="1" passed="1">
  <reporter-output>
  </reporter-output>
  <suite name="Command line suite" duration-ms="23606" started-at="2019-05-04T12:35:54Z" finished-at="2019-05-04T12:36:18Z">
    <groups>
    </groups>
    <test name="Command line test" duration-ms="23606" started-at="2019-05-04T12:35:54Z" finished-at="2019-05-04T12:36:18Z">
      <class name="com.interview.com.facebook.LoginTest">
        <test-method status="PASS" signature="openBrowser()[pri:0, instance:com.interview.com.facebook.LoginTest@3fb6a447]" name="openBrowser" is-config="true" duration-ms="18053" started-at="2019-05-04T12:35:54Z" finished-at="2019-05-04T12:36:12Z">
          <reporter-output>
          </reporter-output>
        </test-method> <!-- openBrowser -->
        <test-method status="PASS" signature="loginTest()[pri:0, instance:com.interview.com.facebook.LoginTest@3fb6a447]" name="loginTest" duration-ms="5523" started-at="2019-05-04T12:36:12Z" finished-at="2019-05-04T12:36:18Z">
          <reporter-output>
          </reporter-output>
        </test-method> <!-- loginTest -->
      </class> <!-- com.interview.com.facebook.LoginTest -->
    </test> <!-- Command line test -->
  </suite> <!-- Command line suite -->
</testng-results>
