<?xml version="1.0" encoding="UTF-8"?>
<!-- Generated by org.testng.reporters.JUnitXMLReporter -->
<testsuite hostname="DESKTOP-INQUNRP" name="Test" tests="4" failures="0" timestamp="4 Jul 2018 18:37:43 GMT" time="49.183" errors="0">
  <testcase name="Validatefcebook" time="8.631" classname="facebook.ValidateTitleTest"/>
  <testcase name="DoLogIn" time="14.845" classname="facebook.LogInTest"/>
  <testcase name="DoLogIn" time="11.718" classname="facebook.LogInTest"/>
  <testcase name="basePageNavigation" time="13.968" classname="facebook.HomePage"/>
</testsuite> <!-- Test -->
