<?xml version="1.0" encoding="UTF-8"?>
<!-- Generated by org.testng.reporters.JUnitXMLReporter -->
<testsuite hostname="DESKTOP-INQUNRP" ignored="0" name="Regration Test" tests="6" failures="0" timestamp="21 May 2019 22:52:48 GMT" time="10.724" errors="0">
  <testcase name="firstAndLastNameTest" time="1.071" classname="registrationTest.RegistrationPageTest"/>
  <testcase name="mobileNumberTest" time="0.199" classname="registrationTest.RegistrationPageTest"/>
  <testcase name="passwordTest" time="0.145" classname="registrationTest.RegistrationPageTest"/>
  <testcase name="birthdayTest" time="0.974" classname="registrationTest.RegistrationPageTest"/>
  <testcase name="maleOrFemaleTest" time="0.176" classname="registrationTest.RegistrationPageTest"/>
  <testcase name="submitTest" time="0.155" classname="registrationTest.RegistrationPageTest"/>
</testsuite> <!-- Regration Test -->
