<?xml version="1.0" encoding="UTF-8"?>
<!-- Generated by org.testng.reporters.JUnitXMLReporter -->
<testsuite hostname="DESKTOP-INQUNRP" ignored="0" name="Test" tests="6" failures="0" timestamp="21 May 2019 22:46:32 GMT" time="10.209" errors="0">
  <testcase name="firstAndLastNameTest" time="0.402" classname="registrationTest.RegistrationPageTest"/>
  <testcase name="mobileNumberTest" time="0.234" classname="registrationTest.RegistrationPageTest"/>
  <testcase name="passwordTest" time="0.144" classname="registrationTest.RegistrationPageTest"/>
  <testcase name="birthdayTest" time="0.968" classname="registrationTest.RegistrationPageTest"/>
  <testcase name="maleOrFemaleTest" time="0.155" classname="registrationTest.RegistrationPageTest"/>
  <testcase name="submitTest" time="0.138" classname="registrationTest.RegistrationPageTest"/>
</testsuite> <!-- Test -->
