<?xml version="1.0" encoding="UTF-8"?>
<!-- Generated by org.testng.reporters.JUnitXMLReporter -->
<testsuite hostname="DESKTOP-INQUNRP" ignored="0" name="Regration Test" tests="6" failures="0" timestamp="23 May 2019 18:59:24 GMT" time="12.422" errors="0">
  <testcase name="firstAndLastNameTest" time="1.706" classname="registrationTest.RegistrationPageTest"/>
  <testcase name="mobileNumberTest" time="0.373" classname="registrationTest.RegistrationPageTest"/>
  <testcase name="passwordTest" time="0.137" classname="registrationTest.RegistrationPageTest"/>
  <testcase name="birthdayTest" time="0.926" classname="registrationTest.RegistrationPageTest"/>
  <testcase name="maleOrFemaleTest" time="0.184" classname="registrationTest.RegistrationPageTest"/>
  <testcase name="submitTest" time="0.111" classname="registrationTest.RegistrationPageTest"/>
</testsuite> <!-- Regration Test -->
