<?xml version="1.0" encoding="UTF-8"?>
<testng-results skipped="0" failed="0" total="1" passed="1">
  <reporter-output>
  </reporter-output>
  <suite name="Default suite" duration-ms="10882" started-at="2018-07-13T23:38:27Z" finished-at="2018-07-13T23:38:37Z">
    <groups>
    </groups>
    <test name="Default test" duration-ms="10882" started-at="2018-07-13T23:38:27Z" finished-at="2018-07-13T23:38:37Z">
      <class name="facebook.HomePage">
        <test-method status="PASS" signature="intialize()[pri:0, instance:facebook.HomePage@157853da]" name="intialize" is-config="true" duration-ms="8630" started-at="2018-07-13T19:38:27Z" finished-at="2018-07-13T19:38:35Z">
          <reporter-output>
          </reporter-output>
        </test-method> <!-- intialize -->
        <test-method status="PASS" signature="basePageNavigation()[pri:0, instance:facebook.HomePage@157853da]" name="basePageNavigation" duration-ms="87" started-at="2018-07-13T19:38:35Z" finished-at="2018-07-13T19:38:35Z">
          <reporter-output>
          </reporter-output>
        </test-method> <!-- basePageNavigation -->
        <test-method status="PASS" signature="teardown()[pri:0, instance:facebook.HomePage@157853da]" name="teardown" is-config="true" duration-ms="2136" started-at="2018-07-13T19:38:35Z" finished-at="2018-07-13T19:38:37Z">
          <reporter-output>
          </reporter-output>
        </test-method> <!-- teardown -->
      </class> <!-- facebook.HomePage -->
    </test> <!-- Default test -->
  </suite> <!-- Default suite -->
</testng-results>
