<?xml version="1.0" encoding="UTF-8"?>
<testng-results skipped="0" failed="0" total="1" passed="1">
  <reporter-output>
  </reporter-output>
  <suite name="Failed suite [Default suite]" duration-ms="15405" started-at="2019-05-13T22:42:35Z" finished-at="2019-05-13T22:42:50Z">
    <groups>
    </groups>
    <test name="Default test(failed)" duration-ms="15405" started-at="2019-05-13T22:42:35Z" finished-at="2019-05-13T22:42:50Z">
      <class name="facebook.HomePage">
        <test-method status="PASS" signature="intialize()[pri:0, instance:facebook.HomePage@5f16132a]" name="intialize" is-config="true" duration-ms="13041" started-at="2019-05-13T18:42:35Z" finished-at="2019-05-13T18:42:48Z">
          <reporter-output>
          </reporter-output>
        </test-method> <!-- intialize -->
        <test-method status="PASS" signature="basePageNavigation()[pri:0, instance:facebook.HomePage@5f16132a]" name="basePageNavigation" duration-ms="28" started-at="2019-05-13T18:42:48Z" finished-at="2019-05-13T18:42:48Z">
          <reporter-output>
          </reporter-output>
        </test-method> <!-- basePageNavigation -->
        <test-method status="PASS" signature="teardown()[pri:0, instance:facebook.HomePage@5f16132a]" name="teardown" is-config="true" duration-ms="2246" started-at="2019-05-13T18:42:48Z" finished-at="2019-05-13T18:42:50Z">
          <reporter-output>
          </reporter-output>
        </test-method> <!-- teardown -->
      </class> <!-- facebook.HomePage -->
    </test> <!-- Default test(failed) -->
  </suite> <!-- Failed suite [Default suite] -->
</testng-results>
