<?xml version="1.0" encoding="UTF-8"?>
<testng-results skipped="0" failed="0" ignored="0" total="1" passed="1">
  <reporter-output>
  </reporter-output>
  <suite name="Suite" duration-ms="10422" started-at="2019-05-19T23:04:09Z" finished-at="2019-05-19T23:04:20Z">
    <groups>
    </groups>
    <test name="Test" duration-ms="10422" started-at="2019-05-19T23:04:09Z" finished-at="2019-05-19T23:04:20Z">
      <class name="registrationTest.FirstAndLastNameTest">
        <test-method status="PASS" signature="openBrowser()[pri:0, instance:registrationTest.FirstAndLastNameTest@5ae50ce6]" name="openBrowser" is-config="true" duration-ms="8877" started-at="2019-05-19T23:04:09Z" finished-at="2019-05-19T23:04:18Z">
          <reporter-output>
          </reporter-output>
        </test-method> <!-- openBrowser -->
        <test-method status="PASS" signature="FirstNameTest()[pri:0, instance:registrationTest.FirstAndLastNameTest@5ae50ce6]" name="FirstNameTest" duration-ms="1408" started-at="2019-05-19T23:04:18Z" finished-at="2019-05-19T23:04:20Z">
          <reporter-output>
          </reporter-output>
        </test-method> <!-- FirstNameTest -->
      </class> <!-- registrationTest.FirstAndLastNameTest -->
    </test> <!-- Test -->
  </suite> <!-- Suite -->
</testng-results>
