<?xml version="1.0" encoding="UTF-8"?>
<testng-results skipped="0" failed="0" ignored="0" total="1" passed="1">
  <reporter-output>
  </reporter-output>
  <suite name="Default suite" duration-ms="18134" started-at="2019-05-18T23:02:32Z" finished-at="2019-05-18T23:02:50Z">
    <groups>
    </groups>
    <test name="Default test" duration-ms="18134" started-at="2019-05-18T23:02:32Z" finished-at="2019-05-18T23:02:50Z">
      <class name="com.interview.com.facebook.ValidateTest">
        <test-method status="PASS" signature="openBrowser()[pri:0, instance:com.interview.com.facebook.ValidateTest@59f99ea]" name="openBrowser" is-config="true" duration-ms="17874" started-at="2019-05-18T23:02:32Z" finished-at="2019-05-18T23:02:49Z">
          <reporter-output>
          </reporter-output>
        </test-method> <!-- openBrowser -->
        <test-method status="PASS" signature="validateFBTest()[pri:0, instance:com.interview.com.facebook.ValidateTest@59f99ea]" name="validateFBTest" duration-ms="220" started-at="2019-05-18T23:02:50Z" finished-at="2019-05-18T23:02:50Z">
          <reporter-output>
          </reporter-output>
        </test-method> <!-- validateFBTest -->
      </class> <!-- com.interview.com.facebook.ValidateTest -->
    </test> <!-- Default test -->
  </suite> <!-- Default suite -->
</testng-results>
